This is pdfTeX, Version 3.141592653-2.6-1.40.24 (TeX Live 2022) (preloaded format=pdflatex 2022.11.4)  25 NOV 2022 13:29
entering extended mode
 restricted \write18 enabled.
 %&-line parsing enabled.
**Proyecto_final_COA501_IFQI.tex
(./Proyecto_final_COA501_IFQI.tex
LaTeX2e <2022-11-01>
L3 programming layer <2022-11-02> (c:/Users/ifqi9/AppData/Roaming/TinyTeX/texmf-dist/tex/latex/base/article.cls
Document Class: article 2022/07/02 v1.4n Standard LaTeX document class
(c:/Users/ifqi9/AppData/Roaming/TinyTeX/texmf-dist/tex/latex/base/size10.clo
File: size10.clo 2022/07/02 v1.4n Standard LaTeX file (size option)
)
\c@part=\count185
\c@section=\count186
\c@subsection=\count187
\c@subsubsection=\count188
\c@paragraph=\count189
\c@subparagraph=\count190
\c@figure=\count191
\c@table=\count192
\abovecaptionskip=\skip47
\belowcaptionskip=\skip48
\bibindent=\dimen140
) (c:/Users/ifqi9/AppData/Roaming/TinyTeX/texmf-dist/tex/latex/amsmath/amsmath.sty
Package: amsmath 2022/04/08 v2.17n AMS math features
\@mathmargin=\skip49
For additional information on amsmath, use the `?' option.
(c:/Users/ifqi9/AppData/Roaming/TinyTeX/texmf-dist/tex/latex/amsmath/amstext.sty
Package: amstext 2021/08/26 v2.01 AMS text
(c:/Users/ifqi9/AppData/Roaming/TinyTeX/texmf-dist/tex/latex/amsmath/amsgen.sty
File: amsgen.sty 1999/11/30 v2.0 generic functions
\@emptytoks=\toks16
\ex@=\dimen141
)) (c:/Users/ifqi9/AppData/Roaming/TinyTeX/texmf-dist/tex/latex/amsmath/amsbsy.sty
Package: amsbsy 1999/11/29 v1.2d Bold Symbols
\pmbraise@=\dimen142
) (c:/Users/ifqi9/AppData/Roaming/TinyTeX/texmf-dist/tex/latex/amsmath/amsopn.sty
Package: amsopn 2022/04/08 v2.04 operator names
)
\inf@bad=\count193
LaTeX Info: Redefining \frac on input line 234.
\uproot@=\count194
\leftroot@=\count195
LaTeX Info: Redefining \overline on input line 399.
LaTeX Info: Redefining \colon on input line 410.
\classnum@=\count196
\DOTSCASE@=\count197
LaTeX Info: Redefining \ldots on input line 496.
LaTeX Info: Redefining \dots on input line 499.
LaTeX Info: Redefining \cdots on input line 620.
\Mathstrutbox@=\box51
\strutbox@=\box52
LaTeX Info: Redefining \big on input line 722.
LaTeX Info: Redefining \Big on input line 723.
LaTeX Info: Redefining \bigg on input line 724.
LaTeX Info: Redefining \Bigg on input line 725.
\big@size=\dimen143
LaTeX Font Info:    Redeclaring font encoding OML on input line 743.
LaTeX Font Info:    Redeclaring font encoding OMS on input line 744.
\macc@depth=\count198
LaTeX Info: Redefining \bmod on input line 905.
LaTeX Info: Redefining \pmod on input line 910.
LaTeX Info: Redefining \smash on input line 940.
LaTeX Info: Redefining \relbar on input line 970.
LaTeX Info: Redefining \Relbar on input line 971.
\c@MaxMatrixCols=\count199
\dotsspace@=\muskip16
\c@parentequation=\count266
\dspbrk@lvl=\count267
\tag@help=\toks17
\row@=\count268
\column@=\count269
\maxfields@=\count270
\andhelp@=\toks18
\eqnshift@=\dimen144
\alignsep@=\dimen145
\tagshift@=\dimen146
\tagwidth@=\dimen147
\totwidth@=\dimen148
\lineht@=\dimen149
\@envbody=\toks19
\multlinegap=\skip50
\multlinetaggap=\skip51
\mathdisplay@stack=\toks20
LaTeX Info: Redefining \[ on input line 2953.
LaTeX Info: Redefining \] on input line 2954.
) (c:/Users/ifqi9/AppData/Roaming/TinyTeX/texmf-dist/tex/latex/amsfonts/amssymb.sty
Package: amssymb 2013/01/14 v3.01 AMS font symbols
(c:/Users/ifqi9/AppData/Roaming/TinyTeX/texmf-dist/tex/latex/amsfonts/amsfonts.sty
Package: amsfonts 2013/01/14 v3.01 Basic AMSFonts support
\symAMSa=\mathgroup4
\symAMSb=\mathgroup5
LaTeX Font Info:    Redeclaring math symbol \hbar on input line 98.
LaTeX Font Info:    Overwriting math alphabet `\mathfrak' in version `bold'
(Font)                  U/euf/m/n --> U/euf/b/n on input line 106.
)) (c:/Users/ifqi9/AppData/Roaming/TinyTeX/texmf-dist/tex/latex/lm/lmodern.sty
Package: lmodern 2015/05/01 v1.6.1 Latin Modern Fonts
LaTeX Font Info:    Overwriting symbol font `operators' in version `normal'
(Font)                  OT1/cmr/m/n --> OT1/lmr/m/n on input line 22.
LaTeX Font Info:    Overwriting symbol font `letters' in version `normal'
(Font)                  OML/cmm/m/it --> OML/lmm/m/it on input line 23.
LaTeX Font Info:    Overwriting symbol font `symbols' in version `normal'
(Font)                  OMS/cmsy/m/n --> OMS/lmsy/m/n on input line 24.
LaTeX Font Info:    Overwriting symbol font `largesymbols' in version `normal'
(Font)                  OMX/cmex/m/n --> OMX/lmex/m/n on input line 25.
LaTeX Font Info:    Overwriting symbol font `operators' in version `bold'
(Font)                  OT1/cmr/bx/n --> OT1/lmr/bx/n on input line 26.
LaTeX Font Info:    Overwriting symbol font `letters' in version `bold'
(Font)                  OML/cmm/b/it --> OML/lmm/b/it on input line 27.
LaTeX Font Info:    Overwriting symbol font `symbols' in version `bold'
(Font)                  OMS/cmsy/b/n --> OMS/lmsy/b/n on input line 28.
LaTeX Font Info:    Overwriting symbol font `largesymbols' in version `bold'
(Font)                  OMX/cmex/m/n --> OMX/lmex/m/n on input line 29.
LaTeX Font Info:    Overwriting math alphabet `\mathbf' in version `normal'
(Font)                  OT1/cmr/bx/n --> OT1/lmr/bx/n on input line 31.
LaTeX Font Info:    Overwriting math alphabet `\mathsf' in version `normal'
(Font)                  OT1/cmss/m/n --> OT1/lmss/m/n on input line 32.
LaTeX Font Info:    Overwriting math alphabet `\mathit' in version `normal'
(Font)                  OT1/cmr/m/it --> OT1/lmr/m/it on input line 33.
LaTeX Font Info:    Overwriting math alphabet `\mathtt' in version `normal'
(Font)                  OT1/cmtt/m/n --> OT1/lmtt/m/n on input line 34.
LaTeX Font Info:    Overwriting math alphabet `\mathbf' in version `bold'
(Font)                  OT1/cmr/bx/n --> OT1/lmr/bx/n on input line 35.
LaTeX Font Info:    Overwriting math alphabet `\mathsf' in version `bold'
(Font)                  OT1/cmss/bx/n --> OT1/lmss/bx/n on input line 36.
LaTeX Font Info:    Overwriting math alphabet `\mathit' in version `bold'
(Font)                  OT1/cmr/bx/it --> OT1/lmr/bx/it on input line 37.
LaTeX Font Info:    Overwriting math alphabet `\mathtt' in version `bold'
(Font)                  OT1/cmtt/m/n --> OT1/lmtt/m/n on input line 38.
) (c:/Users/ifqi9/AppData/Roaming/TinyTeX/texmf-dist/tex/generic/iftex/iftex.sty
Package: iftex 2022/02/03 v1.0f TeX engine tests
) (c:/Users/ifqi9/AppData/Roaming/TinyTeX/texmf-dist/tex/latex/base/fontenc.sty
Package: fontenc 2021/04/29 v2.0v Standard LaTeX package
LaTeX Font Info:    Trying to load font information for T1+lmr on input line 112.
(c:/Users/ifqi9/AppData/Roaming/TinyTeX/texmf-dist/tex/latex/lm/t1lmr.fd
File: t1lmr.fd 2015/05/01 v1.6.1 Font defs for Latin Modern
)) (c:/Users/ifqi9/AppData/Roaming/TinyTeX/texmf-dist/tex/latex/base/inputenc.sty
Package: inputenc 2021/02/14 v1.3d Input encoding file
\inpenc@prehook=\toks21
\inpenc@posthook=\toks22
) (c:/Users/ifqi9/AppData/Roaming/TinyTeX/texmf-dist/tex/latex/base/textcomp.sty
Package: textcomp 2020/02/02 v2.0n Standard LaTeX package
) (c:/Users/ifqi9/AppData/Roaming/TinyTeX/texmf-dist/tex/latex/xcolor/xcolor.sty
Package: xcolor 2022/06/12 v2.14 LaTeX color extensions (UK)
(c:/Users/ifqi9/AppData/Roaming/TinyTeX/texmf-dist/tex/latex/graphics-cfg/color.cfg
File: color.cfg 2016/01/02 v1.6 sample color configuration
)
Package xcolor Info: Driver file: pdftex.def on input line 227.
(c:/Users/ifqi9/AppData/Roaming/TinyTeX/texmf-dist/tex/latex/graphics-def/pdftex.def
File: pdftex.def 2022/09/22 v1.2b Graphics/color driver for pdftex
) (c:/Users/ifqi9/AppData/Roaming/TinyTeX/texmf-dist/tex/latex/graphics/mathcolor.ltx)
Package xcolor Info: Model `cmy' substituted by `cmy0' on input line 1353.
Package xcolor Info: Model `hsb' substituted by `rgb' on input line 1357.
Package xcolor Info: Model `RGB' extended on input line 1369.
Package xcolor Info: Model `HTML' substituted by `rgb' on input line 1371.
Package xcolor Info: Model `Hsb' substituted by `hsb' on input line 1372.
Package xcolor Info: Model `tHsb' substituted by `hsb' on input line 1373.
Package xcolor Info: Model `HSB' substituted by `hsb' on input line 1374.
Package xcolor Info: Model `Gray' substituted by `gray' on input line 1375.
Package xcolor Info: Model `wave' substituted by `hsb' on input line 1376.
) (c:/Users/ifqi9/AppData/Roaming/TinyTeX/texmf-dist/tex/latex/hyperref/hyperref.sty
Package: hyperref 2022-11-13 v7.00u Hypertext links for LaTeX
(c:/Users/ifqi9/AppData/Roaming/TinyTeX/texmf-dist/tex/generic/ltxcmds/ltxcmds.sty
Package: ltxcmds 2020-05-10 v1.25 LaTeX kernel commands for general use (HO)
) (c:/Users/ifqi9/AppData/Roaming/TinyTeX/texmf-dist/tex/generic/pdftexcmds/pdftexcmds.sty
Package: pdftexcmds 2020-06-27 v0.33 Utility functions of pdfTeX for LuaTeX (HO)
(c:/Users/ifqi9/AppData/Roaming/TinyTeX/texmf-dist/tex/generic/infwarerr/infwarerr.sty
Package: infwarerr 2019/12/03 v1.5 Providing info/warning/error messages (HO)
)
Package pdftexcmds Info: \pdf@primitive is available.
Package pdftexcmds Info: \pdf@ifprimitive is available.
Package pdftexcmds Info: \pdfdraftmode found.
) (c:/Users/ifqi9/AppData/Roaming/TinyTeX/texmf-dist/tex/latex/graphics/keyval.sty
Package: keyval 2022/05/29 v1.15 key=value parser (DPC)
\KV@toks@=\toks23
) (c:/Users/ifqi9/AppData/Roaming/TinyTeX/texmf-dist/tex/latex/kvsetkeys/kvsetkeys.sty
Package: kvsetkeys 2022-10-05 v1.19 Key value parser (HO)
) (c:/Users/ifqi9/AppData/Roaming/TinyTeX/texmf-dist/tex/generic/kvdefinekeys/kvdefinekeys.sty
Package: kvdefinekeys 2019-12-19 v1.6 Define keys (HO)
) (c:/Users/ifqi9/AppData/Roaming/TinyTeX/texmf-dist/tex/generic/pdfescape/pdfescape.sty
Package: pdfescape 2019/12/09 v1.15 Implements pdfTeX's escape features (HO)
) (c:/Users/ifqi9/AppData/Roaming/TinyTeX/texmf-dist/tex/latex/hycolor/hycolor.sty
Package: hycolor 2020-01-27 v1.10 Color options for hyperref/bookmark (HO)
) (c:/Users/ifqi9/AppData/Roaming/TinyTeX/texmf-dist/tex/latex/letltxmacro/letltxmacro.sty
Package: letltxmacro 2019/12/03 v1.6 Let assignment for LaTeX macros (HO)
) (c:/Users/ifqi9/AppData/Roaming/TinyTeX/texmf-dist/tex/latex/auxhook/auxhook.sty
Package: auxhook 2019-12-17 v1.6 Hooks for auxiliary files (HO)
) (c:/Users/ifqi9/AppData/Roaming/TinyTeX/texmf-dist/tex/latex/hyperref/nameref.sty
Package: nameref 2022-05-17 v2.50 Cross-referencing by name of section
(c:/Users/ifqi9/AppData/Roaming/TinyTeX/texmf-dist/tex/latex/refcount/refcount.sty
Package: refcount 2019/12/15 v3.6 Data extraction from label references (HO)
) (c:/Users/ifqi9/AppData/Roaming/TinyTeX/texmf-dist/tex/generic/gettitlestring/gettitlestring.sty
Package: gettitlestring 2019/12/15 v1.6 Cleanup title references (HO)
(c:/Users/ifqi9/AppData/Roaming/TinyTeX/texmf-dist/tex/latex/kvoptions/kvoptions.sty
Package: kvoptions 2022-06-15 v3.15 Key value format for package options (HO)
))
\c@section@level=\count271
)
\@linkdim=\dimen150
\Hy@linkcounter=\count272
\Hy@pagecounter=\count273
(c:/Users/ifqi9/AppData/Roaming/TinyTeX/texmf-dist/tex/latex/hyperref/pd1enc.def
File: pd1enc.def 2022-11-13 v7.00u Hyperref: PDFDocEncoding definition (HO)
Now handling font encoding PD1 ...
... no UTF-8 mapping file for font encoding PD1
) (c:/Users/ifqi9/AppData/Roaming/TinyTeX/texmf-dist/tex/generic/intcalc/intcalc.sty
Package: intcalc 2019/12/15 v1.3 Expandable calculations with integers (HO)
) (c:/Users/ifqi9/AppData/Roaming/TinyTeX/texmf-dist/tex/generic/etexcmds/etexcmds.sty
Package: etexcmds 2019/12/15 v1.7 Avoid name clashes with e-TeX commands (HO)
)
\Hy@SavedSpaceFactor=\count274
(c:/Users/ifqi9/AppData/Roaming/TinyTeX/texmf-dist/tex/latex/hyperref/puenc.def
File: puenc.def 2022-11-13 v7.00u Hyperref: PDF Unicode definition (HO)
Now handling font encoding PU ...
... no UTF-8 mapping file for font encoding PU
)
Package hyperref Info: Option `unicode' set `true' on input line 4045.
Package hyperref Info: Hyper figures OFF on input line 4162.
Package hyperref Info: Link nesting OFF on input line 4167.
Package hyperref Info: Hyper index ON on input line 4170.
Package hyperref Info: Plain pages OFF on input line 4177.
Package hyperref Info: Backreferencing OFF on input line 4182.
Package hyperref Info: Implicit mode ON; LaTeX internals redefined.
Package hyperref Info: Bookmarks ON on input line 4410.
\c@Hy@tempcnt=\count275
(c:/Users/ifqi9/AppData/Roaming/TinyTeX/texmf-dist/tex/latex/url/url.sty
\Urlmuskip=\muskip17
Package: url 2013/09/16  ver 3.4  Verb mode for urls, etc.
)
LaTeX Info: Redefining \url on input line 4748.
\XeTeXLinkMargin=\dimen151
(c:/Users/ifqi9/AppData/Roaming/TinyTeX/texmf-dist/tex/generic/bitset/bitset.sty
Package: bitset 2019/12/09 v1.3 Handle bit-vector datatype (HO)
(c:/Users/ifqi9/AppData/Roaming/TinyTeX/texmf-dist/tex/generic/bigintcalc/bigintcalc.sty
Package: bigintcalc 2019/12/15 v1.5 Expandable calculations on big integers (HO)
))
\Fld@menulength=\count276
\Field@Width=\dimen152
\Fld@charsize=\dimen153
Package hyperref Info: Hyper figures OFF on input line 6027.
Package hyperref Info: Link nesting OFF on input line 6032.
Package hyperref Info: Hyper index ON on input line 6035.
Package hyperref Info: backreferencing OFF on input line 6042.
Package hyperref Info: Link coloring OFF on input line 6047.
Package hyperref Info: Link coloring with OCG OFF on input line 6052.
Package hyperref Info: PDF/A mode OFF on input line 6057.
(c:/Users/ifqi9/AppData/Roaming/TinyTeX/texmf-dist/tex/latex/base/atbegshi-ltx.sty
Package: atbegshi-ltx 2021/01/10 v1.0c Emulation of the original atbegshi
package with kernel methods
)
\Hy@abspage=\count277
\c@Item=\count278
\c@Hfootnote=\count279
)
Package hyperref Info: Driver (autodetected): hpdftex.
(c:/Users/ifqi9/AppData/Roaming/TinyTeX/texmf-dist/tex/latex/hyperref/hpdftex.def
File: hpdftex.def 2022-11-13 v7.00u Hyperref driver for pdfTeX
(c:/Users/ifqi9/AppData/Roaming/TinyTeX/texmf-dist/tex/latex/base/atveryend-ltx.sty
Package: atveryend-ltx 2020/08/19 v1.0a Emulation of the original atveryend package
with kernel methods
)
\Fld@listcount=\count280
\c@bookmark@seq@number=\count281
(c:/Users/ifqi9/AppData/Roaming/TinyTeX/texmf-dist/tex/latex/rerunfilecheck/rerunfilecheck.sty
Package: rerunfilecheck 2022-07-10 v1.10 Rerun checks for auxiliary files (HO)
(c:/Users/ifqi9/AppData/Roaming/TinyTeX/texmf-dist/tex/generic/uniquecounter/uniquecounter.sty
Package: uniquecounter 2019/12/15 v1.4 Provide unlimited unique counter (HO)
)
Package uniquecounter Info: New unique counter `rerunfilecheck' on input line 285.
)
\Hy@SectionHShift=\skip52
) (c:/Users/ifqi9/AppData/Roaming/TinyTeX/texmf-dist/tex/latex/geometry/geometry.sty
Package: geometry 2020/01/02 v5.9 Page Geometry
(c:/Users/ifqi9/AppData/Roaming/TinyTeX/texmf-dist/tex/generic/iftex/ifvtex.sty
Package: ifvtex 2019/10/25 v1.7 ifvtex legacy package. Use iftex instead.
)
\Gm@cnth=\count282
\Gm@cntv=\count283
\c@Gm@tempcnt=\count284
\Gm@bindingoffset=\dimen154
\Gm@wd@mp=\dimen155
\Gm@odd@mp=\dimen156
\Gm@even@mp=\dimen157
\Gm@layoutwidth=\dimen158
\Gm@layoutheight=\dimen159
\Gm@layouthoffset=\dimen160
\Gm@layoutvoffset=\dimen161
\Gm@dimlist=\toks24
) (c:/Users/ifqi9/AppData/Roaming/TinyTeX/texmf-dist/tex/latex/fancyvrb/fancyvrb.sty
Package: fancyvrb 2022/06/06 4.5 verbatim text (tvz,hv)
\FV@CodeLineNo=\count285
\FV@InFile=\read2
\FV@TabBox=\box53
\c@FancyVerbLine=\count286
\FV@StepNumber=\count287
\FV@OutFile=\write3
) (c:/Users/ifqi9/AppData/Roaming/TinyTeX/texmf-dist/tex/latex/framed/framed.sty
Package: framed 2011/10/22 v 0.96: framed or shaded text with page breaks
\OuterFrameSep=\skip53
\fb@frw=\dimen162
\fb@frh=\dimen163
\FrameRule=\dimen164
\FrameSep=\dimen165
) (c:/Users/ifqi9/AppData/Roaming/TinyTeX/texmf-dist/tex/latex/graphics/graphicx.sty
Package: graphicx 2021/09/16 v1.2d Enhanced LaTeX Graphics (DPC,SPQR)
(c:/Users/ifqi9/AppData/Roaming/TinyTeX/texmf-dist/tex/latex/graphics/graphics.sty
Package: graphics 2022/03/10 v1.4e Standard LaTeX Graphics (DPC,SPQR)
(c:/Users/ifqi9/AppData/Roaming/TinyTeX/texmf-dist/tex/latex/graphics/trig.sty
Package: trig 2021/08/11 v1.11 sin cos tan (DPC)
) (c:/Users/ifqi9/AppData/Roaming/TinyTeX/texmf-dist/tex/latex/graphics-cfg/graphics.cfg
File: graphics.cfg 2016/06/04 v1.11 sample graphics configuration
)
Package graphics Info: Driver file: pdftex.def on input line 107.
)
\Gin@req@height=\dimen166
\Gin@req@width=\dimen167
) (c:/Users/ifqi9/AppData/Roaming/TinyTeX/texmf-dist/tex/latex/fancyhdr/fancyhdr.sty
Package: fancyhdr 2022/11/09 v4.1 Extensive control of page headers and footers
\f@nch@headwidth=\skip54
\f@nch@O@elh=\skip55
\f@nch@O@erh=\skip56
\f@nch@O@olh=\skip57
\f@nch@O@orh=\skip58
\f@nch@O@elf=\skip59
\f@nch@O@erf=\skip60
\f@nch@O@olf=\skip61
\f@nch@O@orf=\skip62
)

Package fancyhdr Warning: \fancyfoot's `E' option without twoside option is useless.
(fancyhdr)                Please consider using the `twoside' option on input line 113.

(c:/Users/ifqi9/AppData/Roaming/TinyTeX/texmf-dist/tex/latex/booktabs/booktabs.sty
Package: booktabs 2020/01/12 v1.61803398 Publication quality tables
\heavyrulewidth=\dimen168
\lightrulewidth=\dimen169
\cmidrulewidth=\dimen170
\belowrulesep=\dimen171
\belowbottomsep=\dimen172
\aboverulesep=\dimen173
\abovetopsep=\dimen174
\cmidrulesep=\dimen175
\cmidrulekern=\dimen176
\defaultaddspace=\dimen177
\@cmidla=\count288
\@cmidlb=\count289
\@aboverulesep=\dimen178
\@belowrulesep=\dimen179
\@thisruleclass=\count290
\@lastruleclass=\count291
\@thisrulewidth=\dimen180
) (c:/Users/ifqi9/AppData/Roaming/TinyTeX/texmf-dist/tex/latex/caption/caption.sty
Package: caption 2022/03/01 v3.6b Customizing captions (AR)
(c:/Users/ifqi9/AppData/Roaming/TinyTeX/texmf-dist/tex/latex/caption/caption3.sty
Package: caption3 2022/03/17 v2.3b caption3 kernel (AR)
\caption@tempdima=\dimen181
\captionmargin=\dimen182
\caption@leftmargin=\dimen183
\caption@rightmargin=\dimen184
\caption@width=\dimen185
\caption@indent=\dimen186
\caption@parindent=\dimen187
\caption@hangindent=\dimen188
Package caption Info: Standard document class detected.
)
\c@caption@flags=\count292
\c@continuedfloat=\count293
Package caption Info: hyperref package is loaded.
) (c:/Users/ifqi9/AppData/Roaming/TinyTeX/texmf-dist/tex/latex/tools/longtable.sty
Package: longtable 2021-09-01 v4.17 Multi-page Table package (DPC)
\LTleft=\skip63
\LTright=\skip64
\LTpre=\skip65
\LTpost=\skip66
\LTchunksize=\count294
\LTcapwidth=\dimen189
\LT@head=\box54
\LT@firsthead=\box55
\LT@foot=\box56
\LT@lastfoot=\box57
\LT@gbox=\box58
\LT@cols=\count295
\LT@rows=\count296
\c@LT@tables=\count297
\c@LT@chunks=\count298
\LT@p@ftn=\toks25
) (c:/Users/ifqi9/AppData/Roaming/TinyTeX/texmf-dist/tex/latex/etoolbox/etoolbox.sty
Package: etoolbox 2020/10/05 v2.5k e-TeX tools for LaTeX (JAW)
\etb@tempcnta=\count299
) (c:/Users/ifqi9/AppData/Roaming/TinyTeX/texmf-dist/tex/latex/l3backend/l3backend-pdftex.def
File: l3backend-pdftex.def 2022-10-26 L3 backend support: PDF output (pdfTeX)
\l__color_backend_stack_int=\count300
\l__pdf_internal_box=\box59
) (./Proyecto_final_COA501_IFQI.aux)
\openout1 = `Proyecto_final_COA501_IFQI.aux'.

LaTeX Font Info:    Checking defaults for OML/cmm/m/it on input line 138.
LaTeX Font Info:    ... okay on input line 138.
LaTeX Font Info:    Checking defaults for OMS/cmsy/m/n on input line 138.
LaTeX Font Info:    ... okay on input line 138.
LaTeX Font Info:    Checking defaults for OT1/cmr/m/n on input line 138.
LaTeX Font Info:    ... okay on input line 138.
LaTeX Font Info:    Checking defaults for T1/cmr/m/n on input line 138.
LaTeX Font Info:    ... okay on input line 138.
LaTeX Font Info:    Checking defaults for TS1/cmr/m/n on input line 138.
LaTeX Font Info:    ... okay on input line 138.
LaTeX Font Info:    Checking defaults for OMX/cmex/m/n on input line 138.
LaTeX Font Info:    ... okay on input line 138.
LaTeX Font Info:    Checking defaults for U/cmr/m/n on input line 138.
LaTeX Font Info:    ... okay on input line 138.
LaTeX Font Info:    Checking defaults for PD1/pdf/m/n on input line 138.
LaTeX Font Info:    ... okay on input line 138.
LaTeX Font Info:    Checking defaults for PU/pdf/m/n on input line 138.
LaTeX Font Info:    ... okay on input line 138.
(c:/Users/ifqi9/AppData/Roaming/TinyTeX/texmf-dist/tex/latex/epstopdf-pkg/epstopdf-base.sty
Package: epstopdf-base 2020-01-24 v2.11 Base part for package epstopdf
Package epstopdf-base Info: Redefining graphics rule for `.eps' on input line 485.
(c:/Users/ifqi9/AppData/Roaming/TinyTeX/texmf-dist/tex/latex/latexconfig/epstopdf-sys.cfg
File: epstopdf-sys.cfg 2010/07/13 v1.3 Configuration of (r)epstopdf for TeX Live
))
Package hyperref Info: Link coloring OFF on input line 138.
(./Proyecto_final_COA501_IFQI.out) (./Proyecto_final_COA501_IFQI.out)
\@outlinefile=\write4
\openout4 = `Proyecto_final_COA501_IFQI.out'.

*geometry* driver: auto-detecting
*geometry* detected driver: pdftex
*geometry* verbose mode - [ preamble ] result:
* driver: pdftex
* paper: <default>
* layout: <same size as paper>
* layoutoffset:(h,v)=(0.0pt,0.0pt)
* modes: 
* h-part:(L,W,R)=(72.26999pt, 469.75502pt, 72.26999pt)
* v-part:(T,H,B)=(72.26999pt, 650.43001pt, 72.26999pt)
* \paperwidth=614.295pt
* \paperheight=794.96999pt
* \textwidth=469.75502pt
* \textheight=650.43001pt
* \oddsidemargin=0.0pt
* \evensidemargin=0.0pt
* \topmargin=-37.0pt
* \headheight=12.0pt
* \headsep=25.0pt
* \topskip=10.0pt
* \footskip=30.0pt
* \marginparwidth=65.0pt
* \marginparsep=11.0pt
* \columnsep=10.0pt
* \skip\footins=9.0pt plus 4.0pt minus 2.0pt
* \hoffset=0.0pt
* \voffset=0.0pt
* \mag=1000
* \@twocolumnfalse
* \@twosidefalse
* \@mparswitchfalse
* \@reversemarginfalse
* (1in=72.27pt=25.4mm, 1cm=28.453pt)

Package caption Info: Begin \AtBeginDocument code.
Package caption Info: longtable package is loaded.
(c:/Users/ifqi9/AppData/Roaming/TinyTeX/texmf-dist/tex/latex/caption/ltcaption.sty
Package: ltcaption 2021/01/08 v1.4c longtable captions (AR)
)
Package caption Info: End \AtBeginDocument code.
LaTeX Font Info:    Trying to load font information for OT1+lmr on input line 140.
(c:/Users/ifqi9/AppData/Roaming/TinyTeX/texmf-dist/tex/latex/lm/ot1lmr.fd
File: ot1lmr.fd 2015/05/01 v1.6.1 Font defs for Latin Modern
)
LaTeX Font Info:    Trying to load font information for OML+lmm on input line 140.
(c:/Users/ifqi9/AppData/Roaming/TinyTeX/texmf-dist/tex/latex/lm/omllmm.fd
File: omllmm.fd 2015/05/01 v1.6.1 Font defs for Latin Modern
)
LaTeX Font Info:    Trying to load font information for OMS+lmsy on input line 140.
(c:/Users/ifqi9/AppData/Roaming/TinyTeX/texmf-dist/tex/latex/lm/omslmsy.fd
File: omslmsy.fd 2015/05/01 v1.6.1 Font defs for Latin Modern
)
LaTeX Font Info:    Trying to load font information for OMX+lmex on input line 140.
(c:/Users/ifqi9/AppData/Roaming/TinyTeX/texmf-dist/tex/latex/lm/omxlmex.fd
File: omxlmex.fd 2015/05/01 v1.6.1 Font defs for Latin Modern
)
LaTeX Font Info:    External font `lmex10' loaded for size
(Font)              <12> on input line 140.
LaTeX Font Info:    External font `lmex10' loaded for size
(Font)              <8> on input line 140.
LaTeX Font Info:    External font `lmex10' loaded for size
(Font)              <6> on input line 140.
LaTeX Font Info:    Trying to load font information for U+msa on input line 140.
(c:/Users/ifqi9/AppData/Roaming/TinyTeX/texmf-dist/tex/latex/amsfonts/umsa.fd
File: umsa.fd 2013/01/14 v3.01 AMS symbols A
)
LaTeX Font Info:    Trying to load font information for U+msb on input line 140.
(c:/Users/ifqi9/AppData/Roaming/TinyTeX/texmf-dist/tex/latex/amsfonts/umsb.fd
File: umsb.fd 2013/01/14 v3.01 AMS symbols B
)
LaTeX Font Info:    Trying to load font information for TS1+lmr on input line 140.
(c:/Users/ifqi9/AppData/Roaming/TinyTeX/texmf-dist/tex/latex/lm/ts1lmr.fd
File: ts1lmr.fd 2015/05/01 v1.6.1 Font defs for Latin Modern
)
LaTeX Font Info:    External font `lmex10' loaded for size
(Font)              <5> on input line 140.
<./Imagenes/ml.jpg, id=29, 580.3281pt x 399.6531pt>
File: ./Imagenes/ml.jpg Graphic file (type jpg)
<use ./Imagenes/ml.jpg>
Package pdftex.def Info: ./Imagenes/ml.jpg  used on input line 141.
(pdftex.def)             Requested size: 281.85727pt x 194.10593pt.
[1

{c:/Users/ifqi9/AppData/Roaming/TinyTeX/texmf-var/fonts/map/pdftex/updmap/pdftex.map} <./Imagenes/ml.jpg>]
<./Imagenes/tc.jpg, id=41, 436.7517pt x 192.2382pt>
File: ./Imagenes/tc.jpg Graphic file (type jpg)
<use ./Imagenes/tc.jpg>
Package pdftex.def Info: ./Imagenes/tc.jpg  used on input line 158.
(pdftex.def)             Requested size: 281.85262pt x 124.05867pt.
<./Imagenes/logo_colpos.png, id=42, 411.5375pt x 370.38374pt>
File: ./Imagenes/logo_colpos.png Graphic file (type png)
<use ./Imagenes/logo_colpos.png>
Package pdftex.def Info: ./Imagenes/logo_colpos.png  used on input line 232.
(pdftex.def)             Requested size: 23.4855pt x 21.13695pt.
<./Imagenes/logo_fitosanidad.png, id=44, 1072.005pt x 1546.77875pt>
File: ./Imagenes/logo_fitosanidad.png Graphic file (type png)
<use ./Imagenes/logo_fitosanidad.png>
Package pdftex.def Info: ./Imagenes/logo_fitosanidad.png  used on input line 232.
(pdftex.def)             Requested size: 14.08377pt x 20.32124pt.

Package fancyhdr Warning: \headheight is too small (12.0pt): 
(fancyhdr)                Make it at least 33.13695pt, for example:
(fancyhdr)                \setlength{\headheight}{33.13695pt}.
(fancyhdr)                You might also make \topmargin smaller to compensate:
(fancyhdr)                \addtolength{\topmargin}{-21.13695pt}.

[2 <./Imagenes/logo_colpos.png> <./Imagenes/logo_fitosanidad.png> <./Imagenes/tc.jpg>]
LaTeX Font Info:    Trying to load font information for T1+lmtt on input line 248.
(c:/Users/ifqi9/AppData/Roaming/TinyTeX/texmf-dist/tex/latex/lm/t1lmtt.fd
File: t1lmtt.fd 2015/05/01 v1.6.1 Font defs for Latin Modern
)
File: ./Imagenes/logo_colpos.png Graphic file (type png)
<use ./Imagenes/logo_colpos.png>
Package pdftex.def Info: ./Imagenes/logo_colpos.png  used on input line 311.
(pdftex.def)             Requested size: 23.4855pt x 21.13695pt.
File: ./Imagenes/logo_fitosanidad.png Graphic file (type png)
<use ./Imagenes/logo_fitosanidad.png>
Package pdftex.def Info: ./Imagenes/logo_fitosanidad.png  used on input line 311.
(pdftex.def)             Requested size: 14.08377pt x 20.32124pt.

Package fancyhdr Warning: \headheight is too small (12.0pt): 
(fancyhdr)                Make it at least 33.13695pt, for example:
(fancyhdr)                \setlength{\headheight}{33.13695pt}.
(fancyhdr)                You might also make \topmargin smaller to compensate:
(fancyhdr)                \addtolength{\topmargin}{-21.13695pt}.

[3]
File: ./Imagenes/logo_colpos.png Graphic file (type png)
<use ./Imagenes/logo_colpos.png>
Package pdftex.def Info: ./Imagenes/logo_colpos.png  used on input line 363.
(pdftex.def)             Requested size: 23.4855pt x 21.13695pt.
File: ./Imagenes/logo_fitosanidad.png Graphic file (type png)
<use ./Imagenes/logo_fitosanidad.png>
Package pdftex.def Info: ./Imagenes/logo_fitosanidad.png  used on input line 363.
(pdftex.def)             Requested size: 14.08377pt x 20.32124pt.

Package fancyhdr Warning: \headheight is too small (12.0pt): 
(fancyhdr)                Make it at least 33.13695pt, for example:
(fancyhdr)                \setlength{\headheight}{33.13695pt}.
(fancyhdr)                You might also make \topmargin smaller to compensate:
(fancyhdr)                \addtolength{\topmargin}{-21.13695pt}.

[4]
<Proyecto_final_COA501_IFQI_files/figure-latex/unnamed-chunk-3-1.pdf, id=69, 469.755pt x 325.215pt>
File: Proyecto_final_COA501_IFQI_files/figure-latex/unnamed-chunk-3-1.pdf Graphic file (type pdf)
<use Proyecto_final_COA501_IFQI_files/figure-latex/unnamed-chunk-3-1.pdf>
Package pdftex.def Info: Proyecto_final_COA501_IFQI_files/figure-latex/unnamed-chunk-3-1.pdf  used on input line 374.
(pdftex.def)             Requested size: 469.75386pt x 325.2142pt.
<Proyecto_final_COA501_IFQI_files/figure-latex/unnamed-chunk-3-2.pdf, id=70, 469.755pt x 325.215pt>
File: Proyecto_final_COA501_IFQI_files/figure-latex/unnamed-chunk-3-2.pdf Graphic file (type pdf)
<use Proyecto_final_COA501_IFQI_files/figure-latex/unnamed-chunk-3-2.pdf>
Package pdftex.def Info: Proyecto_final_COA501_IFQI_files/figure-latex/unnamed-chunk-3-2.pdf  used on input line 383.
(pdftex.def)             Requested size: 469.75386pt x 325.2142pt.
File: ./Imagenes/logo_colpos.png Graphic file (type png)
<use ./Imagenes/logo_colpos.png>
Package pdftex.def Info: ./Imagenes/logo_colpos.png  used on input line 385.
(pdftex.def)             Requested size: 23.4855pt x 21.13695pt.
File: ./Imagenes/logo_fitosanidad.png Graphic file (type png)
<use ./Imagenes/logo_fitosanidad.png>
Package pdftex.def Info: ./Imagenes/logo_fitosanidad.png  used on input line 385.
(pdftex.def)             Requested size: 14.08377pt x 20.32124pt.

Package fancyhdr Warning: \headheight is too small (12.0pt): 
(fancyhdr)                Make it at least 33.13695pt, for example:
(fancyhdr)                \setlength{\headheight}{33.13695pt}.
(fancyhdr)                You might also make \topmargin smaller to compensate:
(fancyhdr)                \addtolength{\topmargin}{-21.13695pt}.

[5 <./Proyecto_final_COA501_IFQI_files/figure-latex/unnamed-chunk-3-1.pdf>]
<Proyecto_final_COA501_IFQI_files/figure-latex/unnamed-chunk-3-3.pdf, id=81, 469.755pt x 325.215pt>
File: Proyecto_final_COA501_IFQI_files/figure-latex/unnamed-chunk-3-3.pdf Graphic file (type pdf)
<use Proyecto_final_COA501_IFQI_files/figure-latex/unnamed-chunk-3-3.pdf>
Package pdftex.def Info: Proyecto_final_COA501_IFQI_files/figure-latex/unnamed-chunk-3-3.pdf  used on input line 391.
(pdftex.def)             Requested size: 469.75386pt x 325.2142pt.
File: ./Imagenes/logo_colpos.png Graphic file (type png)
<use ./Imagenes/logo_colpos.png>
Package pdftex.def Info: ./Imagenes/logo_colpos.png  used on input line 393.
(pdftex.def)             Requested size: 23.4855pt x 21.13695pt.
File: ./Imagenes/logo_fitosanidad.png Graphic file (type png)
<use ./Imagenes/logo_fitosanidad.png>
Package pdftex.def Info: ./Imagenes/logo_fitosanidad.png  used on input line 393.
(pdftex.def)             Requested size: 14.08377pt x 20.32124pt.

Package fancyhdr Warning: \headheight is too small (12.0pt): 
(fancyhdr)                Make it at least 33.13695pt, for example:
(fancyhdr)                \setlength{\headheight}{33.13695pt}.
(fancyhdr)                You might also make \topmargin smaller to compensate:
(fancyhdr)                \addtolength{\topmargin}{-21.13695pt}.

[6 <./Proyecto_final_COA501_IFQI_files/figure-latex/unnamed-chunk-3-2.pdf>]
<Proyecto_final_COA501_IFQI_files/figure-latex/unnamed-chunk-3-4.pdf, id=92, 469.755pt x 325.215pt>
File: Proyecto_final_COA501_IFQI_files/figure-latex/unnamed-chunk-3-4.pdf Graphic file (type pdf)
<use Proyecto_final_COA501_IFQI_files/figure-latex/unnamed-chunk-3-4.pdf>
Package pdftex.def Info: Proyecto_final_COA501_IFQI_files/figure-latex/unnamed-chunk-3-4.pdf  used on input line 427.
(pdftex.def)             Requested size: 469.75386pt x 325.2142pt.
File: ./Imagenes/logo_colpos.png Graphic file (type png)
<use ./Imagenes/logo_colpos.png>
Package pdftex.def Info: ./Imagenes/logo_colpos.png  used on input line 429.
(pdftex.def)             Requested size: 23.4855pt x 21.13695pt.
File: ./Imagenes/logo_fitosanidad.png Graphic file (type png)
<use ./Imagenes/logo_fitosanidad.png>
Package pdftex.def Info: ./Imagenes/logo_fitosanidad.png  used on input line 429.
(pdftex.def)             Requested size: 14.08377pt x 20.32124pt.

Package fancyhdr Warning: \headheight is too small (12.0pt): 
(fancyhdr)                Make it at least 33.13695pt, for example:
(fancyhdr)                \setlength{\headheight}{33.13695pt}.
(fancyhdr)                You might also make \topmargin smaller to compensate:
(fancyhdr)                \addtolength{\topmargin}{-21.13695pt}.

[7 <./Proyecto_final_COA501_IFQI_files/figure-latex/unnamed-chunk-3-3.pdf>]
<Proyecto_final_COA501_IFQI_files/figure-latex/unnamed-chunk-3-5.pdf, id=104, 469.755pt x 325.215pt>
File: Proyecto_final_COA501_IFQI_files/figure-latex/unnamed-chunk-3-5.pdf Graphic file (type pdf)
<use Proyecto_final_COA501_IFQI_files/figure-latex/unnamed-chunk-3-5.pdf>
Package pdftex.def Info: Proyecto_final_COA501_IFQI_files/figure-latex/unnamed-chunk-3-5.pdf  used on input line 435.
(pdftex.def)             Requested size: 469.75386pt x 325.2142pt.
File: ./Imagenes/logo_colpos.png Graphic file (type png)
<use ./Imagenes/logo_colpos.png>
Package pdftex.def Info: ./Imagenes/logo_colpos.png  used on input line 437.
(pdftex.def)             Requested size: 23.4855pt x 21.13695pt.
File: ./Imagenes/logo_fitosanidad.png Graphic file (type png)
<use ./Imagenes/logo_fitosanidad.png>
Package pdftex.def Info: ./Imagenes/logo_fitosanidad.png  used on input line 437.
(pdftex.def)             Requested size: 14.08377pt x 20.32124pt.

Package fancyhdr Warning: \headheight is too small (12.0pt): 
(fancyhdr)                Make it at least 33.13695pt, for example:
(fancyhdr)                \setlength{\headheight}{33.13695pt}.
(fancyhdr)                You might also make \topmargin smaller to compensate:
(fancyhdr)                \addtolength{\topmargin}{-21.13695pt}.

[8 <./Proyecto_final_COA501_IFQI_files/figure-latex/unnamed-chunk-3-4.pdf>]
LaTeX Font Info:    Trying to load font information for TS1+lmtt on input line 446.
(c:/Users/ifqi9/AppData/Roaming/TinyTeX/texmf-dist/tex/latex/lm/ts1lmtt.fd
File: ts1lmtt.fd 2015/05/01 v1.6.1 Font defs for Latin Modern
)
<Proyecto_final_COA501_IFQI_files/figure-latex/unnamed-chunk-3-6.pdf, id=115, 469.755pt x 325.215pt>
File: Proyecto_final_COA501_IFQI_files/figure-latex/unnamed-chunk-3-6.pdf Graphic file (type pdf)
<use Proyecto_final_COA501_IFQI_files/figure-latex/unnamed-chunk-3-6.pdf>
Package pdftex.def Info: Proyecto_final_COA501_IFQI_files/figure-latex/unnamed-chunk-3-6.pdf  used on input line 462.
(pdftex.def)             Requested size: 469.75386pt x 325.2142pt.
File: ./Imagenes/logo_colpos.png Graphic file (type png)
<use ./Imagenes/logo_colpos.png>
Package pdftex.def Info: ./Imagenes/logo_colpos.png  used on input line 464.
(pdftex.def)             Requested size: 23.4855pt x 21.13695pt.
File: ./Imagenes/logo_fitosanidad.png Graphic file (type png)
<use ./Imagenes/logo_fitosanidad.png>
Package pdftex.def Info: ./Imagenes/logo_fitosanidad.png  used on input line 464.
(pdftex.def)             Requested size: 14.08377pt x 20.32124pt.

Package fancyhdr Warning: \headheight is too small (12.0pt): 
(fancyhdr)                Make it at least 33.13695pt, for example:
(fancyhdr)                \setlength{\headheight}{33.13695pt}.
(fancyhdr)                You might also make \topmargin smaller to compensate:
(fancyhdr)                \addtolength{\topmargin}{-21.13695pt}.

[9 <./Proyecto_final_COA501_IFQI_files/figure-latex/unnamed-chunk-3-5.pdf>]
LaTeX Font Info:    Font shape `T1/lmtt/bx/n' in size <10> not available
(Font)              Font shape `T1/lmtt/b/n' tried instead on input line 476.
<Proyecto_final_COA501_IFQI_files/figure-latex/unnamed-chunk-3-7.pdf, id=128, 469.755pt x 325.215pt>
File: Proyecto_final_COA501_IFQI_files/figure-latex/unnamed-chunk-3-7.pdf Graphic file (type pdf)
<use Proyecto_final_COA501_IFQI_files/figure-latex/unnamed-chunk-3-7.pdf>
Package pdftex.def Info: Proyecto_final_COA501_IFQI_files/figure-latex/unnamed-chunk-3-7.pdf  used on input line 489.
(pdftex.def)             Requested size: 469.75386pt x 325.2142pt.
File: ./Imagenes/logo_colpos.png Graphic file (type png)
<use ./Imagenes/logo_colpos.png>
Package pdftex.def Info: ./Imagenes/logo_colpos.png  used on input line 491.
(pdftex.def)             Requested size: 23.4855pt x 21.13695pt.
File: ./Imagenes/logo_fitosanidad.png Graphic file (type png)
<use ./Imagenes/logo_fitosanidad.png>
Package pdftex.def Info: ./Imagenes/logo_fitosanidad.png  used on input line 491.
(pdftex.def)             Requested size: 14.08377pt x 20.32124pt.

Package fancyhdr Warning: \headheight is too small (12.0pt): 
(fancyhdr)                Make it at least 33.13695pt, for example:
(fancyhdr)                \setlength{\headheight}{33.13695pt}.
(fancyhdr)                You might also make \topmargin smaller to compensate:
(fancyhdr)                \addtolength{\topmargin}{-21.13695pt}.

[10 <./Proyecto_final_COA501_IFQI_files/figure-latex/unnamed-chunk-3-6.pdf>]
File: ./Imagenes/logo_colpos.png Graphic file (type png)
<use ./Imagenes/logo_colpos.png>
Package pdftex.def Info: ./Imagenes/logo_colpos.png  used on input line 531.
(pdftex.def)             Requested size: 23.4855pt x 21.13695pt.
File: ./Imagenes/logo_fitosanidad.png Graphic file (type png)
<use ./Imagenes/logo_fitosanidad.png>
Package pdftex.def Info: ./Imagenes/logo_fitosanidad.png  used on input line 531.
(pdftex.def)             Requested size: 14.08377pt x 20.32124pt.

Package fancyhdr Warning: \headheight is too small (12.0pt): 
(fancyhdr)                Make it at least 33.13695pt, for example:
(fancyhdr)                \setlength{\headheight}{33.13695pt}.
(fancyhdr)                You might also make \topmargin smaller to compensate:
(fancyhdr)                \addtolength{\topmargin}{-21.13695pt}.

[11 <./Proyecto_final_COA501_IFQI_files/figure-latex/unnamed-chunk-3-7.pdf>]
File: ./Imagenes/logo_colpos.png Graphic file (type png)
<use ./Imagenes/logo_colpos.png>
Package pdftex.def Info: ./Imagenes/logo_colpos.png  used on input line 600.
(pdftex.def)             Requested size: 23.4855pt x 21.13695pt.
File: ./Imagenes/logo_fitosanidad.png Graphic file (type png)
<use ./Imagenes/logo_fitosanidad.png>
Package pdftex.def Info: ./Imagenes/logo_fitosanidad.png  used on input line 600.
(pdftex.def)             Requested size: 14.08377pt x 20.32124pt.

Package fancyhdr Warning: \headheight is too small (12.0pt): 
(fancyhdr)                Make it at least 33.13695pt, for example:
(fancyhdr)                \setlength{\headheight}{33.13695pt}.
(fancyhdr)                You might also make \topmargin smaller to compensate:
(fancyhdr)                \addtolength{\topmargin}{-21.13695pt}.

[12]
File: ./Imagenes/logo_colpos.png Graphic file (type png)
<use ./Imagenes/logo_colpos.png>
Package pdftex.def Info: ./Imagenes/logo_colpos.png  used on input line 669.
(pdftex.def)             Requested size: 23.4855pt x 21.13695pt.
File: ./Imagenes/logo_fitosanidad.png Graphic file (type png)
<use ./Imagenes/logo_fitosanidad.png>
Package pdftex.def Info: ./Imagenes/logo_fitosanidad.png  used on input line 669.
(pdftex.def)             Requested size: 14.08377pt x 20.32124pt.

Package fancyhdr Warning: \headheight is too small (12.0pt): 
(fancyhdr)                Make it at least 33.13695pt, for example:
(fancyhdr)                \setlength{\headheight}{33.13695pt}.
(fancyhdr)                You might also make \topmargin smaller to compensate:
(fancyhdr)                \addtolength{\topmargin}{-21.13695pt}.

[13]
<Proyecto_final_COA501_IFQI_files/figure-latex/unnamed-chunk-4-1.pdf, id=165, 469.755pt x 325.215pt>
File: Proyecto_final_COA501_IFQI_files/figure-latex/unnamed-chunk-4-1.pdf Graphic file (type pdf)
<use Proyecto_final_COA501_IFQI_files/figure-latex/unnamed-chunk-4-1.pdf>
Package pdftex.def Info: Proyecto_final_COA501_IFQI_files/figure-latex/unnamed-chunk-4-1.pdf  used on input line 704.
(pdftex.def)             Requested size: 469.75386pt x 325.2142pt.
File: ./Imagenes/logo_colpos.png Graphic file (type png)
<use ./Imagenes/logo_colpos.png>
Package pdftex.def Info: ./Imagenes/logo_colpos.png  used on input line 716.
(pdftex.def)             Requested size: 23.4855pt x 21.13695pt.
File: ./Imagenes/logo_fitosanidad.png Graphic file (type png)
<use ./Imagenes/logo_fitosanidad.png>
Package pdftex.def Info: ./Imagenes/logo_fitosanidad.png  used on input line 716.
(pdftex.def)             Requested size: 14.08377pt x 20.32124pt.

Package fancyhdr Warning: \headheight is too small (12.0pt): 
(fancyhdr)                Make it at least 33.13695pt, for example:
(fancyhdr)                \setlength{\headheight}{33.13695pt}.
(fancyhdr)                You might also make \topmargin smaller to compensate:
(fancyhdr)                \addtolength{\topmargin}{-21.13695pt}.

[14 <./Proyecto_final_COA501_IFQI_files/figure-latex/unnamed-chunk-4-1.pdf>]
<Proyecto_final_COA501_IFQI_files/figure-latex/unnamed-chunk-4-2.pdf, id=177, 469.755pt x 325.215pt>
File: Proyecto_final_COA501_IFQI_files/figure-latex/unnamed-chunk-4-2.pdf Graphic file (type pdf)
<use Proyecto_final_COA501_IFQI_files/figure-latex/unnamed-chunk-4-2.pdf>
Package pdftex.def Info: Proyecto_final_COA501_IFQI_files/figure-latex/unnamed-chunk-4-2.pdf  used on input line 734.
(pdftex.def)             Requested size: 469.75386pt x 325.2142pt.
File: ./Imagenes/logo_colpos.png Graphic file (type png)
<use ./Imagenes/logo_colpos.png>
Package pdftex.def Info: ./Imagenes/logo_colpos.png  used on input line 745.
(pdftex.def)             Requested size: 23.4855pt x 21.13695pt.
File: ./Imagenes/logo_fitosanidad.png Graphic file (type png)
<use ./Imagenes/logo_fitosanidad.png>
Package pdftex.def Info: ./Imagenes/logo_fitosanidad.png  used on input line 745.
(pdftex.def)             Requested size: 14.08377pt x 20.32124pt.

Package fancyhdr Warning: \headheight is too small (12.0pt): 
(fancyhdr)                Make it at least 33.13695pt, for example:
(fancyhdr)                \setlength{\headheight}{33.13695pt}.
(fancyhdr)                You might also make \topmargin smaller to compensate:
(fancyhdr)                \addtolength{\topmargin}{-21.13695pt}.

[15 <./Proyecto_final_COA501_IFQI_files/figure-latex/unnamed-chunk-4-2.pdf>]
<Proyecto_final_COA501_IFQI_files/figure-latex/unnamed-chunk-4-3.pdf, id=188, 469.755pt x 325.215pt>
File: Proyecto_final_COA501_IFQI_files/figure-latex/unnamed-chunk-4-3.pdf Graphic file (type pdf)
<use Proyecto_final_COA501_IFQI_files/figure-latex/unnamed-chunk-4-3.pdf>
Package pdftex.def Info: Proyecto_final_COA501_IFQI_files/figure-latex/unnamed-chunk-4-3.pdf  used on input line 747.
(pdftex.def)             Requested size: 469.75386pt x 325.2142pt.
<Proyecto_final_COA501_IFQI_files/figure-latex/unnamed-chunk-4-4.pdf, id=189, 469.755pt x 325.215pt>
File: Proyecto_final_COA501_IFQI_files/figure-latex/unnamed-chunk-4-4.pdf Graphic file (type pdf)
<use Proyecto_final_COA501_IFQI_files/figure-latex/unnamed-chunk-4-4.pdf>
Package pdftex.def Info: Proyecto_final_COA501_IFQI_files/figure-latex/unnamed-chunk-4-4.pdf  used on input line 761.
(pdftex.def)             Requested size: 469.75386pt x 325.2142pt.
File: ./Imagenes/logo_colpos.png Graphic file (type png)
<use ./Imagenes/logo_colpos.png>
Package pdftex.def Info: ./Imagenes/logo_colpos.png  used on input line 763.
(pdftex.def)             Requested size: 23.4855pt x 21.13695pt.
File: ./Imagenes/logo_fitosanidad.png Graphic file (type png)
<use ./Imagenes/logo_fitosanidad.png>
Package pdftex.def Info: ./Imagenes/logo_fitosanidad.png  used on input line 763.
(pdftex.def)             Requested size: 14.08377pt x 20.32124pt.

Package fancyhdr Warning: \headheight is too small (12.0pt): 
(fancyhdr)                Make it at least 33.13695pt, for example:
(fancyhdr)                \setlength{\headheight}{33.13695pt}.
(fancyhdr)                You might also make \topmargin smaller to compensate:
(fancyhdr)                \addtolength{\topmargin}{-21.13695pt}.

[16 <./Proyecto_final_COA501_IFQI_files/figure-latex/unnamed-chunk-4-3.pdf>]
<Proyecto_final_COA501_IFQI_files/figure-latex/unnamed-chunk-4-5.pdf, id=201, 469.755pt x 325.215pt>
File: Proyecto_final_COA501_IFQI_files/figure-latex/unnamed-chunk-4-5.pdf Graphic file (type pdf)
<use Proyecto_final_COA501_IFQI_files/figure-latex/unnamed-chunk-4-5.pdf>
Package pdftex.def Info: Proyecto_final_COA501_IFQI_files/figure-latex/unnamed-chunk-4-5.pdf  used on input line 790.
(pdftex.def)             Requested size: 469.75386pt x 325.2142pt.
LaTeX Font Info:    External font `lmex10' loaded for size
(Font)              <10> on input line 792.
LaTeX Font Info:    External font `lmex10' loaded for size
(Font)              <7> on input line 792.

Underfull \hbox (badness 10000) in paragraph at lines 790--795
[][]
 []

File: ./Imagenes/logo_colpos.png Graphic file (type png)
<use ./Imagenes/logo_colpos.png>
Package pdftex.def Info: ./Imagenes/logo_colpos.png  used on input line 795.
(pdftex.def)             Requested size: 23.4855pt x 21.13695pt.
File: ./Imagenes/logo_fitosanidad.png Graphic file (type png)
<use ./Imagenes/logo_fitosanidad.png>
Package pdftex.def Info: ./Imagenes/logo_fitosanidad.png  used on input line 795.
(pdftex.def)             Requested size: 14.08377pt x 20.32124pt.

Package fancyhdr Warning: \headheight is too small (12.0pt): 
(fancyhdr)                Make it at least 33.13695pt, for example:
(fancyhdr)                \setlength{\headheight}{33.13695pt}.
(fancyhdr)                You might also make \topmargin smaller to compensate:
(fancyhdr)                \addtolength{\topmargin}{-21.13695pt}.

[17 <./Proyecto_final_COA501_IFQI_files/figure-latex/unnamed-chunk-4-4.pdf>]
File: ./Imagenes/logo_colpos.png Graphic file (type png)
<use ./Imagenes/logo_colpos.png>
Package pdftex.def Info: ./Imagenes/logo_colpos.png  used on input line 825.
(pdftex.def)             Requested size: 23.4855pt x 21.13695pt.
File: ./Imagenes/logo_fitosanidad.png Graphic file (type png)
<use ./Imagenes/logo_fitosanidad.png>
Package pdftex.def Info: ./Imagenes/logo_fitosanidad.png  used on input line 825.
(pdftex.def)             Requested size: 14.08377pt x 20.32124pt.

Package fancyhdr Warning: \headheight is too small (12.0pt): 
(fancyhdr)                Make it at least 33.13695pt, for example:
(fancyhdr)                \setlength{\headheight}{33.13695pt}.
(fancyhdr)                You might also make \topmargin smaller to compensate:
(fancyhdr)                \addtolength{\topmargin}{-21.13695pt}.

[18 <./Proyecto_final_COA501_IFQI_files/figure-latex/unnamed-chunk-4-5.pdf>]
<Proyecto_final_COA501_IFQI_files/figure-latex/unnamed-chunk-5-1.pdf, id=226, 469.755pt x 325.215pt>
File: Proyecto_final_COA501_IFQI_files/figure-latex/unnamed-chunk-5-1.pdf Graphic file (type pdf)
<use Proyecto_final_COA501_IFQI_files/figure-latex/unnamed-chunk-5-1.pdf>
Package pdftex.def Info: Proyecto_final_COA501_IFQI_files/figure-latex/unnamed-chunk-5-1.pdf  used on input line 837.
(pdftex.def)             Requested size: 469.75386pt x 325.2142pt.
File: ./Imagenes/logo_colpos.png Graphic file (type png)
<use ./Imagenes/logo_colpos.png>
Package pdftex.def Info: ./Imagenes/logo_colpos.png  used on input line 1136.
(pdftex.def)             Requested size: 23.4855pt x 21.13695pt.
File: ./Imagenes/logo_fitosanidad.png Graphic file (type png)
<use ./Imagenes/logo_fitosanidad.png>
Package pdftex.def Info: ./Imagenes/logo_fitosanidad.png  used on input line 1136.
(pdftex.def)             Requested size: 14.08377pt x 20.32124pt.

Package fancyhdr Warning: \headheight is too small (12.0pt): 
(fancyhdr)                Make it at least 33.13695pt, for example:
(fancyhdr)                \setlength{\headheight}{33.13695pt}.
(fancyhdr)                You might also make \topmargin smaller to compensate:
(fancyhdr)                \addtolength{\topmargin}{-21.13695pt}.

[19 <./Proyecto_final_COA501_IFQI_files/figure-latex/unnamed-chunk-5-1.pdf>]
File: ./Imagenes/logo_colpos.png Graphic file (type png)
<use ./Imagenes/logo_colpos.png>
Package pdftex.def Info: ./Imagenes/logo_colpos.png  used on input line 1136.
(pdftex.def)             Requested size: 23.4855pt x 21.13695pt.
File: ./Imagenes/logo_fitosanidad.png Graphic file (type png)
<use ./Imagenes/logo_fitosanidad.png>
Package pdftex.def Info: ./Imagenes/logo_fitosanidad.png  used on input line 1136.
(pdftex.def)             Requested size: 14.08377pt x 20.32124pt.

Package fancyhdr Warning: \headheight is too small (12.0pt): 
(fancyhdr)                Make it at least 33.13695pt, for example:
(fancyhdr)                \setlength{\headheight}{33.13695pt}.
(fancyhdr)                You might also make \topmargin smaller to compensate:
(fancyhdr)                \addtolength{\topmargin}{-21.13695pt}.

[20]
File: ./Imagenes/logo_colpos.png Graphic file (type png)
<use ./Imagenes/logo_colpos.png>
Package pdftex.def Info: ./Imagenes/logo_colpos.png  used on input line 1136.
(pdftex.def)             Requested size: 23.4855pt x 21.13695pt.
File: ./Imagenes/logo_fitosanidad.png Graphic file (type png)
<use ./Imagenes/logo_fitosanidad.png>
Package pdftex.def Info: ./Imagenes/logo_fitosanidad.png  used on input line 1136.
(pdftex.def)             Requested size: 14.08377pt x 20.32124pt.

Package fancyhdr Warning: \headheight is too small (12.0pt): 
(fancyhdr)                Make it at least 33.13695pt, for example:
(fancyhdr)                \setlength{\headheight}{33.13695pt}.
(fancyhdr)                You might also make \topmargin smaller to compensate:
(fancyhdr)                \addtolength{\topmargin}{-21.13695pt}.

[21]
File: ./Imagenes/logo_colpos.png Graphic file (type png)
<use ./Imagenes/logo_colpos.png>
Package pdftex.def Info: ./Imagenes/logo_colpos.png  used on input line 1136.
(pdftex.def)             Requested size: 23.4855pt x 21.13695pt.
File: ./Imagenes/logo_fitosanidad.png Graphic file (type png)
<use ./Imagenes/logo_fitosanidad.png>
Package pdftex.def Info: ./Imagenes/logo_fitosanidad.png  used on input line 1136.
(pdftex.def)             Requested size: 14.08377pt x 20.32124pt.

Package fancyhdr Warning: \headheight is too small (12.0pt): 
(fancyhdr)                Make it at least 33.13695pt, for example:
(fancyhdr)                \setlength{\headheight}{33.13695pt}.
(fancyhdr)                You might also make \topmargin smaller to compensate:
(fancyhdr)                \addtolength{\topmargin}{-21.13695pt}.

[22]
File: ./Imagenes/logo_colpos.png Graphic file (type png)
<use ./Imagenes/logo_colpos.png>
Package pdftex.def Info: ./Imagenes/logo_colpos.png  used on input line 1136.
(pdftex.def)             Requested size: 23.4855pt x 21.13695pt.
File: ./Imagenes/logo_fitosanidad.png Graphic file (type png)
<use ./Imagenes/logo_fitosanidad.png>
Package pdftex.def Info: ./Imagenes/logo_fitosanidad.png  used on input line 1136.
(pdftex.def)             Requested size: 14.08377pt x 20.32124pt.

Package fancyhdr Warning: \headheight is too small (12.0pt): 
(fancyhdr)                Make it at least 33.13695pt, for example:
(fancyhdr)                \setlength{\headheight}{33.13695pt}.
(fancyhdr)                You might also make \topmargin smaller to compensate:
(fancyhdr)                \addtolength{\topmargin}{-21.13695pt}.

[23]
File: ./Imagenes/logo_colpos.png Graphic file (type png)
<use ./Imagenes/logo_colpos.png>
Package pdftex.def Info: ./Imagenes/logo_colpos.png  used on input line 1136.
(pdftex.def)             Requested size: 23.4855pt x 21.13695pt.
File: ./Imagenes/logo_fitosanidad.png Graphic file (type png)
<use ./Imagenes/logo_fitosanidad.png>
Package pdftex.def Info: ./Imagenes/logo_fitosanidad.png  used on input line 1136.
(pdftex.def)             Requested size: 14.08377pt x 20.32124pt.

Package fancyhdr Warning: \headheight is too small (12.0pt): 
(fancyhdr)                Make it at least 33.13695pt, for example:
(fancyhdr)                \setlength{\headheight}{33.13695pt}.
(fancyhdr)                You might also make \topmargin smaller to compensate:
(fancyhdr)                \addtolength{\topmargin}{-21.13695pt}.

[24]
File: ./Imagenes/logo_colpos.png Graphic file (type png)
<use ./Imagenes/logo_colpos.png>
Package pdftex.def Info: ./Imagenes/logo_colpos.png  used on input line 1211.
(pdftex.def)             Requested size: 23.4855pt x 21.13695pt.
File: ./Imagenes/logo_fitosanidad.png Graphic file (type png)
<use ./Imagenes/logo_fitosanidad.png>
Package pdftex.def Info: ./Imagenes/logo_fitosanidad.png  used on input line 1211.
(pdftex.def)             Requested size: 14.08377pt x 20.32124pt.

Package fancyhdr Warning: \headheight is too small (12.0pt): 
(fancyhdr)                Make it at least 33.13695pt, for example:
(fancyhdr)                \setlength{\headheight}{33.13695pt}.
(fancyhdr)                You might also make \topmargin smaller to compensate:
(fancyhdr)                \addtolength{\topmargin}{-21.13695pt}.

[25]
File: ./Imagenes/logo_colpos.png Graphic file (type png)
<use ./Imagenes/logo_colpos.png>
Package pdftex.def Info: ./Imagenes/logo_colpos.png  used on input line 1281.
(pdftex.def)             Requested size: 23.4855pt x 21.13695pt.
File: ./Imagenes/logo_fitosanidad.png Graphic file (type png)
<use ./Imagenes/logo_fitosanidad.png>
Package pdftex.def Info: ./Imagenes/logo_fitosanidad.png  used on input line 1281.
(pdftex.def)             Requested size: 14.08377pt x 20.32124pt.

Package fancyhdr Warning: \headheight is too small (12.0pt): 
(fancyhdr)                Make it at least 33.13695pt, for example:
(fancyhdr)                \setlength{\headheight}{33.13695pt}.
(fancyhdr)                You might also make \topmargin smaller to compensate:
(fancyhdr)                \addtolength{\topmargin}{-21.13695pt}.

[26]
File: ./Imagenes/logo_colpos.png Graphic file (type png)
<use ./Imagenes/logo_colpos.png>
Package pdftex.def Info: ./Imagenes/logo_colpos.png  used on input line 1357.
(pdftex.def)             Requested size: 23.4855pt x 21.13695pt.
File: ./Imagenes/logo_fitosanidad.png Graphic file (type png)
<use ./Imagenes/logo_fitosanidad.png>
Package pdftex.def Info: ./Imagenes/logo_fitosanidad.png  used on input line 1357.
(pdftex.def)             Requested size: 14.08377pt x 20.32124pt.

Package fancyhdr Warning: \headheight is too small (12.0pt): 
(fancyhdr)                Make it at least 33.13695pt, for example:
(fancyhdr)                \setlength{\headheight}{33.13695pt}.
(fancyhdr)                You might also make \topmargin smaller to compensate:
(fancyhdr)                \addtolength{\topmargin}{-21.13695pt}.

[27]
File: ./Imagenes/logo_colpos.png Graphic file (type png)
<use ./Imagenes/logo_colpos.png>
Package pdftex.def Info: ./Imagenes/logo_colpos.png  used on input line 1451.
(pdftex.def)             Requested size: 23.4855pt x 21.13695pt.
File: ./Imagenes/logo_fitosanidad.png Graphic file (type png)
<use ./Imagenes/logo_fitosanidad.png>
Package pdftex.def Info: ./Imagenes/logo_fitosanidad.png  used on input line 1451.
(pdftex.def)             Requested size: 14.08377pt x 20.32124pt.

Package fancyhdr Warning: \headheight is too small (12.0pt): 
(fancyhdr)                Make it at least 33.13695pt, for example:
(fancyhdr)                \setlength{\headheight}{33.13695pt}.
(fancyhdr)                You might also make \topmargin smaller to compensate:
(fancyhdr)                \addtolength{\topmargin}{-21.13695pt}.

[28]
File: ./Imagenes/logo_colpos.png Graphic file (type png)
<use ./Imagenes/logo_colpos.png>
Package pdftex.def Info: ./Imagenes/logo_colpos.png  used on input line 1500.
(pdftex.def)             Requested size: 23.4855pt x 21.13695pt.
File: ./Imagenes/logo_fitosanidad.png Graphic file (type png)
<use ./Imagenes/logo_fitosanidad.png>
Package pdftex.def Info: ./Imagenes/logo_fitosanidad.png  used on input line 1500.
(pdftex.def)             Requested size: 14.08377pt x 20.32124pt.

Package fancyhdr Warning: \headheight is too small (12.0pt): 
(fancyhdr)                Make it at least 33.13695pt, for example:
(fancyhdr)                \setlength{\headheight}{33.13695pt}.
(fancyhdr)                You might also make \topmargin smaller to compensate:
(fancyhdr)                \addtolength{\topmargin}{-21.13695pt}.

[29]
File: ./Imagenes/logo_colpos.png Graphic file (type png)
<use ./Imagenes/logo_colpos.png>
Package pdftex.def Info: ./Imagenes/logo_colpos.png  used on input line 1550.
(pdftex.def)             Requested size: 23.4855pt x 21.13695pt.
File: ./Imagenes/logo_fitosanidad.png Graphic file (type png)
<use ./Imagenes/logo_fitosanidad.png>
Package pdftex.def Info: ./Imagenes/logo_fitosanidad.png  used on input line 1550.
(pdftex.def)             Requested size: 14.08377pt x 20.32124pt.

Package fancyhdr Warning: \headheight is too small (12.0pt): 
(fancyhdr)                Make it at least 33.13695pt, for example:
(fancyhdr)                \setlength{\headheight}{33.13695pt}.
(fancyhdr)                You might also make \topmargin smaller to compensate:
(fancyhdr)                \addtolength{\topmargin}{-21.13695pt}.

[30]
<Proyecto_final_COA501_IFQI_files/figure-latex/unnamed-chunk-7-1.pdf, id=297, 469.755pt x 325.215pt>
File: Proyecto_final_COA501_IFQI_files/figure-latex/unnamed-chunk-7-1.pdf Graphic file (type pdf)
<use Proyecto_final_COA501_IFQI_files/figure-latex/unnamed-chunk-7-1.pdf>
Package pdftex.def Info: Proyecto_final_COA501_IFQI_files/figure-latex/unnamed-chunk-7-1.pdf  used on input line 1602.
(pdftex.def)             Requested size: 469.75386pt x 325.2142pt.
File: ./Imagenes/logo_colpos.png Graphic file (type png)
<use ./Imagenes/logo_colpos.png>
Package pdftex.def Info: ./Imagenes/logo_colpos.png  used on input line 1604.
(pdftex.def)             Requested size: 23.4855pt x 21.13695pt.
File: ./Imagenes/logo_fitosanidad.png Graphic file (type png)
<use ./Imagenes/logo_fitosanidad.png>
Package pdftex.def Info: ./Imagenes/logo_fitosanidad.png  used on input line 1604.
(pdftex.def)             Requested size: 14.08377pt x 20.32124pt.

Package fancyhdr Warning: \headheight is too small (12.0pt): 
(fancyhdr)                Make it at least 33.13695pt, for example:
(fancyhdr)                \setlength{\headheight}{33.13695pt}.
(fancyhdr)                You might also make \topmargin smaller to compensate:
(fancyhdr)                \addtolength{\topmargin}{-21.13695pt}.

[31]
File: ./Imagenes/logo_colpos.png Graphic file (type png)
<use ./Imagenes/logo_colpos.png>
Package pdftex.def Info: ./Imagenes/logo_colpos.png  used on input line 1650.
(pdftex.def)             Requested size: 23.4855pt x 21.13695pt.
File: ./Imagenes/logo_fitosanidad.png Graphic file (type png)
<use ./Imagenes/logo_fitosanidad.png>
Package pdftex.def Info: ./Imagenes/logo_fitosanidad.png  used on input line 1650.
(pdftex.def)             Requested size: 14.08377pt x 20.32124pt.

Package fancyhdr Warning: \headheight is too small (12.0pt): 
(fancyhdr)                Make it at least 33.13695pt, for example:
(fancyhdr)                \setlength{\headheight}{33.13695pt}.
(fancyhdr)                You might also make \topmargin smaller to compensate:
(fancyhdr)                \addtolength{\topmargin}{-21.13695pt}.

[32 <./Proyecto_final_COA501_IFQI_files/figure-latex/unnamed-chunk-7-1.pdf>]
File: ./Imagenes/logo_colpos.png Graphic file (type png)
<use ./Imagenes/logo_colpos.png>
Package pdftex.def Info: ./Imagenes/logo_colpos.png  used on input line 1666.
(pdftex.def)             Requested size: 23.4855pt x 21.13695pt.
File: ./Imagenes/logo_fitosanidad.png Graphic file (type png)
<use ./Imagenes/logo_fitosanidad.png>
Package pdftex.def Info: ./Imagenes/logo_fitosanidad.png  used on input line 1666.
(pdftex.def)             Requested size: 14.08377pt x 20.32124pt.

Package fancyhdr Warning: \headheight is too small (12.0pt): 
(fancyhdr)                Make it at least 33.13695pt, for example:
(fancyhdr)                \setlength{\headheight}{33.13695pt}.
(fancyhdr)                You might also make \topmargin smaller to compensate:
(fancyhdr)                \addtolength{\topmargin}{-21.13695pt}.

[33] (./Proyecto_final_COA501_IFQI.aux)
Package rerunfilecheck Info: File `Proyecto_final_COA501_IFQI.out' has not changed.
(rerunfilecheck)             Checksum: EB81CEBC8E208DB8D79F41997E21C70E;972.
 ) 
Here is how much of TeX's memory you used:
 13290 strings out of 476913
 219440 string characters out of 5822911
 568936 words of memory out of 5000000
 34264 multiletter control sequences out of 15000+600000
 521165 words of font info for 74 fonts, out of 8000000 for 9000
 14 hyphenation exceptions out of 8191
 72i,15n,77p,547b,582s stack positions out of 10000i,1000n,20000p,200000b,200000s
{c:/Users/ifqi9/AppData/Roaming/TinyTeX/texmf-dist/fonts/enc/dvips/lm/lm-mathit.enc}{c:/Users/ifqi9/AppData/Roaming/TinyTeX/texmf-dist/fonts/enc/dvips/lm/lm-ec.enc}{c:/Users/ifqi9/AppData/Roaming/TinyTeX/texmf-dist/fonts/enc/dvips/lm/lm-ts1.enc}<c:/Users/ifqi9/AppData/Roaming/TinyTeX/texmf-dist/fonts/type1/public/lm/lmbx10.pfb><c:/Users/ifqi9/AppData/Roaming/TinyTeX/texmf-dist/fonts/type1/public/lm/lmbx12.pfb><c:/Users/ifqi9/AppData/Roaming/TinyTeX/texmf-dist/fonts/type1/public/lm/lmbxi10.pfb><c:/Users/ifqi9/AppData/Roaming/TinyTeX/texmf-dist/fonts/type1/public/lm/lmmi10.pfb><c:/Users/ifqi9/AppData/Roaming/TinyTeX/texmf-dist/fonts/type1/public/lm/lmr10.pfb><c:/Users/ifqi9/AppData/Roaming/TinyTeX/texmf-dist/fonts/type1/public/lm/lmr12.pfb><c:/Users/ifqi9/AppData/Roaming/TinyTeX/texmf-dist/fonts/type1/public/lm/lmr6.pfb><c:/Users/ifqi9/AppData/Roaming/TinyTeX/texmf-dist/fonts/type1/public/lm/lmr8.pfb><c:/Users/ifqi9/AppData/Roaming/TinyTeX/texmf-dist/fonts/type1/public/lm/lmtk10.pfb><c:/Users/ifqi9/AppData/Roaming/TinyTeX/texmf-dist/fonts/type1/public/lm/lmtt10.pfb><c:/Users/ifqi9/AppData/Roaming/TinyTeX/texmf-dist/fonts/type1/public/lm/lmtti10.pfb>
Output written on Proyecto_final_COA501_IFQI.pdf (33 pages, 8126102 bytes).
PDF statistics:
 390 PDF objects out of 1000 (max. 8388607)
 293 compressed objects within 3 object streams
 47 named destinations out of 1000 (max. 500000)
 139 words of extra memory for PDF output out of 10000 (max. 10000000)

